<?xml version="1.0" encoding="UTF-8"?>
<testsuite xmlns:xsi="http://www.w3.org/2001/XMLSchema-instance" xsi:noNamespaceSchemaLocation="https://maven.apache.org/surefire/maven-surefire-plugin/xsd/surefire-test-report-3.0.xsd" version="3.0" name="com.fintech.dashboard.controller.AuthControllerTest" time="9.799" tests="9" errors="0" skipped="0" failures="0">
  <properties>
[...]
</properties>
  <testcase name="register_withValidData_returns201" classname="com.fintech.dashboard.controller.AuthControllerTest" time="0.936">
    <system-out><![CDATA[12:33:55.700 [main] INFO org.springframework.test.context.support.AnnotationConfigContextLoaderUtils -- Could not detect default configuration classes for test class [com.fintech.dashboard.controller.AuthControllerTest]: AuthControllerTest does not declare any static, non-private, non-final, nested classes annotated with @Configuration.
12:33:55.925 [main] INFO org.springframework.boot.test.context.SpringBootTestContextBootstrapper -- Found @SpringBootConfiguration com.fintech.dashboard.DashboardApplication for test class com.fintech.dashboard.controller.AuthControllerTest
12:33:56.147 [main] INFO org.springframework.boot.devtools.restart.RestartApplicationListener -- Restart disabled due to context in which it is running

  .   ____          _            __ _ _
 /\\ / ___'_ __ _ _(_)_ __  __ _ \ \ \ \
( ( )\___ | '_ | '_| | '_ \/ _` | \ \ \ \
 \\/  ___)| |_)| | | | | || (_| |  ) ) ) )
  '  |____| .__|_| |_|_| |_\__, | / / / /
 =========|_|==============|___/=/_/_/_/
 :: Spring Boot ::                (v3.2.5)

2026-04-03 12:33:56 [main] INFO  c.f.d.controller.AuthControllerTest - Starting AuthControllerTest using Java 17.0.16 with PID 18984 (started by Fam in C:\Users\Fam\Desktop\Fintech-DashBoard\backend)
2026-04-03 12:33:56 [main] DEBUG c.f.d.controller.AuthControllerTest - Running with Spring Boot v3.2.5, Spring v6.1.6
2026-04-03 12:33:56 [main] INFO  c.f.d.controller.AuthControllerTest - No active profile set, falling back to 1 default profile: "default"
2026-04-03 12:33:57 [main] INFO  o.s.d.r.c.RepositoryConfigurationDelegate - Bootstrapping Spring Data JPA repositories in DEFAULT mode.
2026-04-03 12:33:57 [main] INFO  o.s.d.r.c.RepositoryConfigurationDelegate - Finished Spring Data repository scanning in 86 ms. Found 2 JPA repository interfaces.
2026-04-03 12:33:58 [main] INFO  o.h.jpa.internal.util.LogHelper - HHH000204: Processing PersistenceUnitInfo [name: default]
2026-04-03 12:33:58 [main] INFO  org.hibernate.Version - HHH000412: Hibernate ORM core version 6.4.4.Final
2026-04-03 12:33:58 [main] INFO  o.h.c.i.RegionFactoryInitiator - HHH000026: Second-level cache disabled
2026-04-03 12:33:59 [main] INFO  o.s.o.j.p.SpringPersistenceUnitInfo - No LoadTimeWeaver setup: ignoring JPA class transformer
2026-04-03 12:33:59 [main] INFO  com.zaxxer.hikari.HikariDataSource - HikariPool-1 - Starting...
2026-04-03 12:33:59 [main] INFO  com.zaxxer.hikari.pool.HikariPool - HikariPool-1 - Added connection conn0: url=jdbc:h2:mem:fintech_dashboard user=SA
2026-04-03 12:33:59 [main] INFO  com.zaxxer.hikari.HikariDataSource - HikariPool-1 - Start completed.
2026-04-03 12:33:59 [main] WARN  org.hibernate.orm.deprecation - HHH90000025: H2Dialect does not need to be specified explicitly using 'hibernate.dialect' (remove the property setting and it will be selected by default)
2026-04-03 12:34:00 [main] INFO  o.h.e.t.j.p.i.JtaPlatformInitiator - HHH000489: No JTA platform available (set 'hibernate.transaction.jta.platform' to enable JTA platform integration)
Hibernate: 
    drop table if exists financial_records cascade 
Hibernate: 
    drop table if exists users cascade 
Hibernate: 
    create table financial_records (
        amount numeric(19,4) not null,
        deleted boolean not null,
        record_date date not null,
        created_at timestamp(6) not null,
        created_by bigint not null,
        id bigint generated by default as identity,
        updated_at timestamp(6),
        type varchar(20) not null check (type in ('INCOME','EXPENSE')),
        category varchar(100) not null,
        description varchar(500),
        primary key (id)
    )
Hibernate: 
    create table users (
        created_at timestamp(6) not null,
        id bigint generated by default as identity,
        updated_at timestamp(6),
        role varchar(20) not null check (role in ('VIEWER','ANALYST','ADMIN')),
        status varchar(20) not null check (status in ('ACTIVE','INACTIVE')),
        name varchar(100) not null,
        email varchar(150) not null unique,
        password varchar(255) not null,
        primary key (id)
    )
Hibernate: 
    create index idx_record_type 
       on financial_records (type)
Hibernate: 
    create index idx_record_category 
       on financial_records (category)
Hibernate: 
    create index idx_record_date 
       on financial_records (record_date)
Hibernate: 
    create index idx_record_created_by 
       on financial_records (created_by)
Hibernate: 
    create index idx_record_composite 
       on financial_records (created_by, type, record_date)
Hibernate: 
    create index idx_record_deleted 
       on financial_records (deleted)
Hibernate: 
    create index idx_user_email 
       on users (email)
Hibernate: 
    create index idx_user_role 
       on users (role)
Hibernate: 
    create index idx_user_status 
       on users (status)
Hibernate: 
    alter table if exists financial_records 
       add constraint FK3iiyhh031thqq7e200pa1gohq 
       foreign key (created_by) 
       references users
2026-04-03 12:34:00 [main] INFO  o.s.o.j.LocalContainerEntityManagerFactoryBean - Initialized JPA EntityManagerFactory for persistence unit 'default'
2026-04-03 12:34:01 [main] INFO  o.s.d.j.r.query.QueryEnhancerFactory - Hibernate is in classpath; If applicable, HQL parser will be used.
2026-04-03 12:34:02 [main] WARN  o.s.b.a.o.j.JpaBaseConfiguration$JpaWebConfiguration - spring.jpa.open-in-view is enabled by default. Therefore, database queries may be performed during view rendering. Explicitly configure spring.jpa.open-in-view to disable this warning
2026-04-03 12:34:02 [main] INFO  o.s.s.web.DefaultSecurityFilterChain - Will secure any request with [org.springframework.security.web.session.DisableEncodeUrlFilter@2fbd6df8, org.springframework.security.web.context.request.async.WebAsyncManagerIntegrationFilter@232dda63, org.springframework.security.web.context.SecurityContextHolderFilter@4a3e3ce3, org.springframework.security.web.header.HeaderWriterFilter@788c0028, org.springframework.web.filter.CorsFilter@2f541378, org.springframework.security.web.authentication.logout.LogoutFilter@39f29540, com.fintech.dashboard.security.JwtAuthenticationFilter@4010f232, org.springframework.security.web.savedrequest.RequestCacheAwareFilter@7bb5c602, org.springframework.security.web.servletapi.SecurityContextHolderAwareRequestFilter@714ab3a1, org.springframework.security.web.authentication.AnonymousAuthenticationFilter@2b1cf779, org.springframework.security.web.session.SessionManagementFilter@7e7a6f81, org.springframework.security.web.access.ExceptionTranslationFilter@56418318, org.springframework.security.web.access.intercept.AuthorizationFilter@7d6e3e42]
2026-04-03 12:34:03 [main] INFO  o.s.b.a.h.H2ConsoleAutoConfiguration - H2 console available at '/h2-console'. Database available at 'jdbc:h2:mem:fintech_dashboard'
2026-04-03 12:34:03 [main] DEBUG c.f.d.s.JwtAuthenticationFilter - Filter 'jwtAuthenticationFilter' configured for use
2026-04-03 12:34:03 [main] INFO  o.s.b.t.m.w.SpringBootMockServletContext - Initializing Spring TestDispatcherServlet ''
2026-04-03 12:34:03 [main] INFO  o.s.t.w.s.TestDispatcherServlet - Initializing Servlet ''
2026-04-03 12:34:03 [main] INFO  o.s.t.w.s.TestDispatcherServlet - Completed initialization in 0 ms
2026-04-03 12:34:03 [main] INFO  c.f.d.controller.AuthControllerTest - Started AuthControllerTest in 7.343 seconds (process running for 8.886)
Hibernate: 
    select
        u1_0.id 
    from
        users u1_0 
    where
        u1_0.email=? 
    fetch
        first ? rows only
Hibernate: 
    insert 
    into
        users
        (created_at, email, name, password, role, status, updated_at, id) 
    values
        (?, ?, ?, ?, ?, ?, ?, default)
2026-04-03 12:34:03 [main] INFO  c.f.dashboard.config.DataSeeder - ??????????????????????????????????????????
2026-04-03 12:34:03 [main] INFO  c.f.dashboard.config.DataSeeder -   Default ADMIN user created
2026-04-03 12:34:03 [main] INFO  c.f.dashboard.config.DataSeeder -   Email:    admin@fintech.com
2026-04-03 12:34:03 [main] INFO  c.f.dashboard.config.DataSeeder -   Password: admin123
2026-04-03 12:34:03 [main] INFO  c.f.dashboard.config.DataSeeder -   ??  Change these credentials in production!
2026-04-03 12:34:03 [main] INFO  c.f.dashboard.config.DataSeeder - ??????????????????????????????????????????
Hibernate: 
    select
        u1_0.id 
    from
        users u1_0 
    where
        u1_0.email=? 
    fetch
        first ? rows only
Hibernate: 
    insert 
    into
        users
        (created_at, email, name, password, role, status, updated_at, id) 
    values
        (?, ?, ?, ?, ?, ?, ?, default)
2026-04-03 12:34:04 [main] INFO  c.f.dashboard.service.AuthService - New user registered: test@example.com (VIEWER)
]]></system-out>
  </testcase>
  <testcase name="register_withDuplicateEmail_returns409" classname="com.fintech.dashboard.controller.AuthControllerTest" time="0.027">
    <system-out><![CDATA[Hibernate: 
    select
        u1_0.id 
    from
        users u1_0 
    where
        u1_0.email=? 
    fetch
        first ? rows only
2026-04-03 12:34:04 [main] WARN  c.f.d.e.GlobalExceptionHandler - Duplicate resource: Email already registered: test@example.com
]]></system-out>
  </testcase>
  <testcase name="register_withInvalidEmail_returns400" classname="com.fintech.dashboard.controller.AuthControllerTest" time="0.016">
    <system-out><![CDATA[2026-04-03 12:34:04 [main] WARN  c.f.d.e.GlobalExceptionHandler - Validation failed: [email: Email must be valid]
]]></system-out>
  </testcase>
  <testcase name="register_withMissingName_returns400" classname="com.fintech.dashboard.controller.AuthControllerTest" time="0.01">
    <system-out><![CDATA[2026-04-03 12:34:04 [main] WARN  c.f.d.e.GlobalExceptionHandler - Validation failed: [name: Name must be between 2 and 100 characters, name: Name is required]
]]></system-out>
  </testcase>
  <testcase name="register_withShortPassword_returns400" classname="com.fintech.dashboard.controller.AuthControllerTest" time="0.006">
    <system-out><![CDATA[2026-04-03 12:34:04 [main] WARN  c.f.d.e.GlobalExceptionHandler - Validation failed: [password: Password must be between 6 and 100 characters]
]]></system-out>
  </testcase>
  <testcase name="login_withValidCredentials_returns200WithToken" classname="com.fintech.dashboard.controller.AuthControllerTest" time="0.244">
    <system-out><![CDATA[Hibernate: 
    select
        u1_0.id,
        u1_0.created_at,
        u1_0.email,
        u1_0.name,
        u1_0.password,
        u1_0.role,
        u1_0.status,
        u1_0.updated_at 
    from
        users u1_0 
    where
        u1_0.email=?
Hibernate: 
    select
        u1_0.id,
        u1_0.created_at,
        u1_0.email,
        u1_0.name,
        u1_0.password,
        u1_0.role,
        u1_0.status,
        u1_0.updated_at 
    from
        users u1_0 
    where
        u1_0.email=?
2026-04-03 12:34:05 [main] INFO  c.f.dashboard.service.AuthService - User logged in: test@example.com (VIEWER)
]]></system-out>
  </testcase>
  <testcase name="login_withWrongPassword_returns401" classname="com.fintech.dashboard.controller.AuthControllerTest" time="0.071">
    <system-out><![CDATA[Hibernate: 
    select
        u1_0.id,
        u1_0.created_at,
        u1_0.email,
        u1_0.name,
        u1_0.password,
        u1_0.role,
        u1_0.status,
        u1_0.updated_at 
    from
        users u1_0 
    where
        u1_0.email=?
2026-04-03 12:34:05 [main] WARN  c.f.d.e.GlobalExceptionHandler - Unauthorized: Invalid email or password
]]></system-out>
  </testcase>
  <testcase name="login_withNonExistentEmail_returns401" classname="com.fintech.dashboard.controller.AuthControllerTest" time="0.072">
    <system-out><![CDATA[Hibernate: 
    select
        u1_0.id,
        u1_0.created_at,
        u1_0.email,
        u1_0.name,
        u1_0.password,
        u1_0.role,
        u1_0.status,
        u1_0.updated_at 
    from
        users u1_0 
    where
        u1_0.email=?
2026-04-03 12:34:05 [main] WARN  c.f.d.e.GlobalExceptionHandler - Unauthorized: Invalid email or password
]]></system-out>
  </testcase>
  <testcase name="login_withDefaultAdmin_returns200WithAdminRole" classname="com.fintech.dashboard.controller.AuthControllerTest" time="0.073">
    <system-out><![CDATA[Hibernate: 
    select
        u1_0.id,
        u1_0.created_at,
        u1_0.email,
        u1_0.name,
        u1_0.password,
        u1_0.role,
        u1_0.status,
        u1_0.updated_at 
    from
        users u1_0 
    where
        u1_0.email=?
Hibernate: 
    select
        u1_0.id,
        u1_0.created_at,
        u1_0.email,
        u1_0.name,
        u1_0.password,
        u1_0.role,
        u1_0.status,
        u1_0.updated_at 
    from
        users u1_0 
    where
        u1_0.email=?
2026-04-03 12:34:05 [main] INFO  c.f.dashboard.service.AuthService - User logged in: admin@fintech.com (ADMIN)
]]></system-out>
  </testcase>
</testsuite>