<?xml version="1.0" encoding="UTF-8"?>
<testsuite xmlns:xsi="http://www.w3.org/2001/XMLSchema-instance" xsi:noNamespaceSchemaLocation="https://maven.apache.org/surefire/maven-surefire-plugin/xsd/surefire-test-report-3.0.xsd" version="3.0" name="com.fintech.dashboard.controller.DashboardControllerTest" time="0.519" tests="6" errors="0" skipped="0" failures="0">
  <properties>
[...]
</properties>
  <testcase name="getSummary_asAdmin_returns200WithAllFields" classname="com.fintech.dashboard.controller.DashboardControllerTest" time="0.27">
    <system-out><![CDATA[2026-04-03 12:34:05 [main] INFO  o.s.t.c.s.AnnotationConfigContextLoaderUtils - Could not detect default configuration classes for test class [com.fintech.dashboard.controller.DashboardControllerTest]: DashboardControllerTest does not declare any static, non-private, non-final, nested classes annotated with @Configuration.
2026-04-03 12:34:05 [main] INFO  o.s.b.t.c.SpringBootTestContextBootstrapper - Found @SpringBootConfiguration com.fintech.dashboard.DashboardApplication for test class com.fintech.dashboard.controller.DashboardControllerTest
Hibernate: 
    select
        u1_0.id,
        u1_0.created_at,
        u1_0.email,
        u1_0.name,
        u1_0.password,
        u1_0.role,
        u1_0.status,
        u1_0.updated_at 
    from
        users u1_0 
    where
        u1_0.email=?
Hibernate: 
    select
        u1_0.id,
        u1_0.created_at,
        u1_0.email,
        u1_0.name,
        u1_0.password,
        u1_0.role,
        u1_0.status,
        u1_0.updated_at 
    from
        users u1_0 
    where
        u1_0.email=?
2026-04-03 12:34:05 [main] INFO  c.f.dashboard.service.AuthService - User logged in: admin@fintech.com (ADMIN)
Hibernate: 
    select
        u1_0.id,
        u1_0.created_at,
        u1_0.email,
        u1_0.name,
        u1_0.password,
        u1_0.role,
        u1_0.status,
        u1_0.updated_at 
    from
        users u1_0 
    where
        u1_0.email=?
Hibernate: 
    select
        u1_0.id,
        u1_0.created_at,
        u1_0.email,
        u1_0.name,
        u1_0.password,
        u1_0.role,
        u1_0.status,
        u1_0.updated_at 
    from
        users u1_0 
    where
        u1_0.email=?
Hibernate: 
    insert 
    into
        financial_records
        (amount, category, created_at, created_by, deleted, description, record_date, type, updated_at, id) 
    values
        (?, ?, ?, ?, ?, ?, ?, ?, ?, default)
2026-04-03 12:34:05 [main] INFO  c.f.d.service.FinancialRecordService - Created INCOME record: 5000 Salary by user admin@fintech.com
Hibernate: 
    select
        u1_0.id,
        u1_0.created_at,
        u1_0.email,
        u1_0.name,
        u1_0.password,
        u1_0.role,
        u1_0.status,
        u1_0.updated_at 
    from
        users u1_0 
    where
        u1_0.email=?
Hibernate: 
    select
        u1_0.id,
        u1_0.created_at,
        u1_0.email,
        u1_0.name,
        u1_0.password,
        u1_0.role,
        u1_0.status,
        u1_0.updated_at 
    from
        users u1_0 
    where
        u1_0.email=?
Hibernate: 
    insert 
    into
        financial_records
        (amount, category, created_at, created_by, deleted, description, record_date, type, updated_at, id) 
    values
        (?, ?, ?, ?, ?, ?, ?, ?, ?, default)
2026-04-03 12:34:05 [main] INFO  c.f.d.service.FinancialRecordService - Created EXPENSE record: 1500 Rent by user admin@fintech.com
Hibernate: 
    select
        u1_0.id,
        u1_0.created_at,
        u1_0.email,
        u1_0.name,
        u1_0.password,
        u1_0.role,
        u1_0.status,
        u1_0.updated_at 
    from
        users u1_0 
    where
        u1_0.email=?
Hibernate: 
    select
        coalesce(sum(fr1_0.amount), 0) 
    from
        financial_records fr1_0 
    where
        fr1_0.deleted=false 
        and fr1_0.type='INCOME'
Hibernate: 
    select
        coalesce(sum(fr1_0.amount), 0) 
    from
        financial_records fr1_0 
    where
        fr1_0.deleted=false 
        and fr1_0.type='EXPENSE'
Hibernate: 
    select
        fr1_0.type,
        fr1_0.category,
        sum(fr1_0.amount) 
    from
        financial_records fr1_0 
    where
        fr1_0.deleted=false 
    group by
        fr1_0.type,
        fr1_0.category 
    order by
        fr1_0.type,
        fr1_0.category
Hibernate: 
    select
        fr1_0.id,
        fr1_0.amount,
        fr1_0.category,
        fr1_0.created_at,
        fr1_0.created_by,
        fr1_0.deleted,
        fr1_0.description,
        fr1_0.record_date,
        fr1_0.type,
        fr1_0.updated_at 
    from
        financial_records fr1_0 
    where
        fr1_0.deleted=false 
    order by
        fr1_0.record_date desc,
        fr1_0.created_at desc 
    offset
        ? rows 
    fetch
        first ? rows only
Hibernate: 
    select
        u1_0.id,
        u1_0.created_at,
        u1_0.email,
        u1_0.name,
        u1_0.password,
        u1_0.role,
        u1_0.status,
        u1_0.updated_at 
    from
        users u1_0 
    where
        u1_0.id=?
]]></system-out>
  </testcase>
  <testcase name="getCategoryBreakdown_asAdmin_returns200" classname="com.fintech.dashboard.controller.DashboardControllerTest" time="0.015">
    <system-out><![CDATA[Hibernate: 
    select
        u1_0.id,
        u1_0.created_at,
        u1_0.email,
        u1_0.name,
        u1_0.password,
        u1_0.role,
        u1_0.status,
        u1_0.updated_at 
    from
        users u1_0 
    where
        u1_0.email=?
Hibernate: 
    select
        fr1_0.type,
        fr1_0.category,
        sum(fr1_0.amount) 
    from
        financial_records fr1_0 
    where
        fr1_0.deleted=false 
    group by
        fr1_0.type,
        fr1_0.category 
    order by
        fr1_0.type,
        fr1_0.category
]]></system-out>
  </testcase>
  <testcase name="getRecentTransactions_asAdmin_returns200" classname="com.fintech.dashboard.controller.DashboardControllerTest" time="0.018">
    <system-out><![CDATA[Hibernate: 
    select
        u1_0.id,
        u1_0.created_at,
        u1_0.email,
        u1_0.name,
        u1_0.password,
        u1_0.role,
        u1_0.status,
        u1_0.updated_at 
    from
        users u1_0 
    where
        u1_0.email=?
Hibernate: 
    select
        fr1_0.id,
        fr1_0.amount,
        fr1_0.category,
        fr1_0.created_at,
        fr1_0.created_by,
        fr1_0.deleted,
        fr1_0.description,
        fr1_0.record_date,
        fr1_0.type,
        fr1_0.updated_at 
    from
        financial_records fr1_0 
    where
        fr1_0.deleted=false 
    order by
        fr1_0.record_date desc,
        fr1_0.created_at desc 
    offset
        ? rows 
    fetch
        first ? rows only
Hibernate: 
    select
        u1_0.id,
        u1_0.created_at,
        u1_0.email,
        u1_0.name,
        u1_0.password,
        u1_0.role,
        u1_0.status,
        u1_0.updated_at 
    from
        users u1_0 
    where
        u1_0.id=?
]]></system-out>
  </testcase>
  <testcase name="getMonthlySummary_asAdmin_returns200" classname="com.fintech.dashboard.controller.DashboardControllerTest" time="0.023">
    <system-out><![CDATA[Hibernate: 
    select
        u1_0.id,
        u1_0.created_at,
        u1_0.email,
        u1_0.name,
        u1_0.password,
        u1_0.role,
        u1_0.status,
        u1_0.updated_at 
    from
        users u1_0 
    where
        u1_0.email=?
Hibernate: 
    select
        extract(year from fr1_0.record_date),
        extract(month from fr1_0.record_date),
        fr1_0.type,
        sum(fr1_0.amount) 
    from
        financial_records fr1_0 
    where
        fr1_0.deleted=false 
    group by
        extract(year from fr1_0.record_date),
        extract(month from fr1_0.record_date),
        fr1_0.type 
    order by
        extract(year from fr1_0.record_date) desc,
        extract(month from fr1_0.record_date) desc
]]></system-out>
  </testcase>
  <testcase name="getDashboard_unauthenticated_returns401Or403" classname="com.fintech.dashboard.controller.DashboardControllerTest" time="0.008"/>
  <testcase name="getDashboard_asViewer_returns200" classname="com.fintech.dashboard.controller.DashboardControllerTest" time="0.164">
    <system-out><![CDATA[Hibernate: 
    select
        u1_0.id 
    from
        users u1_0 
    where
        u1_0.email=? 
    fetch
        first ? rows only
Hibernate: 
    insert 
    into
        users
        (created_at, email, name, password, role, status, updated_at, id) 
    values
        (?, ?, ?, ?, ?, ?, ?, default)
2026-04-03 12:34:05 [main] INFO  c.f.dashboard.service.AuthService - New user registered: dashviewer@test.com (VIEWER)
Hibernate: 
    select
        u1_0.id,
        u1_0.created_at,
        u1_0.email,
        u1_0.name,
        u1_0.password,
        u1_0.role,
        u1_0.status,
        u1_0.updated_at 
    from
        users u1_0 
    where
        u1_0.email=?
Hibernate: 
    select
        u1_0.id,
        u1_0.created_at,
        u1_0.email,
        u1_0.name,
        u1_0.password,
        u1_0.role,
        u1_0.status,
        u1_0.updated_at 
    from
        users u1_0 
    where
        u1_0.email=?
2026-04-03 12:34:05 [main] INFO  c.f.dashboard.service.AuthService - User logged in: dashviewer@test.com (VIEWER)
Hibernate: 
    select
        u1_0.id,
        u1_0.created_at,
        u1_0.email,
        u1_0.name,
        u1_0.password,
        u1_0.role,
        u1_0.status,
        u1_0.updated_at 
    from
        users u1_0 
    where
        u1_0.email=?
Hibernate: 
    select
        coalesce(sum(fr1_0.amount), 0) 
    from
        financial_records fr1_0 
    where
        fr1_0.deleted=false 
        and fr1_0.type='INCOME'
Hibernate: 
    select
        coalesce(sum(fr1_0.amount), 0) 
    from
        financial_records fr1_0 
    where
        fr1_0.deleted=false 
        and fr1_0.type='EXPENSE'
Hibernate: 
    select
        fr1_0.type,
        fr1_0.category,
        sum(fr1_0.amount) 
    from
        financial_records fr1_0 
    where
        fr1_0.deleted=false 
    group by
        fr1_0.type,
        fr1_0.category 
    order by
        fr1_0.type,
        fr1_0.category
Hibernate: 
    select
        fr1_0.id,
        fr1_0.amount,
        fr1_0.category,
        fr1_0.created_at,
        fr1_0.created_by,
        fr1_0.deleted,
        fr1_0.description,
        fr1_0.record_date,
        fr1_0.type,
        fr1_0.updated_at 
    from
        financial_records fr1_0 
    where
        fr1_0.deleted=false 
    order by
        fr1_0.record_date desc,
        fr1_0.created_at desc 
    offset
        ? rows 
    fetch
        first ? rows only
Hibernate: 
    select
        u1_0.id,
        u1_0.created_at,
        u1_0.email,
        u1_0.name,
        u1_0.password,
        u1_0.role,
        u1_0.status,
        u1_0.updated_at 
    from
        users u1_0 
    where
        u1_0.id=?
]]></system-out>
  </testcase>
</testsuite>